<body rid='4180328855' xmlns='http://jabber.org/protocol/httpbind' to='greencharge.local' xml:lang='en' wait='60' hold='1' content='text/xml; charset=utf-8' ver='1.6' xmpp:version='1.0' xmlns:xmpp='urn:xmpp:xbosh'/>
<body authid='d8cef3a9-77ff-4c37-9c11-f3815c714a2e' polling='5' hold='1' secure='true' wait='60' xmpp:version='1.0' ver='1.6' from='greencharge.local' inactivity='60' xmlns:xmpp='urn:xmpp:xbosh' sid='d8cef3a9-77ff-4c37-9c11-f3815c714a2e' xmlns:stream='http://etherx.jabber.org/streams' xmlns='http://jabber.org/protocol/httpbind' requests='2'><stream:features xmlns='jabber:client'><starttls xmlns='urn:ietf:params:xml:ns:xmpp-tls'><required/></starttls><mechanisms xmlns='urn:ietf:params:xml:ns:xmpp-sasl'><mechanism>SCRAM-SHA-1</mechanism><mechanism>PLAIN</mechanism></mechanisms></stream:features></body>
<body rid='4180328856' xmlns='http://jabber.org/protocol/httpbind' sid='d8cef3a9-77ff-4c37-9c11-f3815c714a2e'><auth xmlns='urn:ietf:params:xml:ns:xmpp-sasl' mechanism='PLAIN'>ZGVtb0BncmVlbmNoYXJnZS5sb2NhbABkZW1vAGRlbW8=</auth></body>
<body xmlns:stream='http://etherx.jabber.org/streams' sid='d8cef3a9-77ff-4c37-9c11-f3815c714a2e' xmlns='http://jabber.org/protocol/httpbind'><success xmlns='urn:ietf:params:xml:ns:xmpp-sasl'/></body>
<body rid='4180328857' xmlns='http://jabber.org/protocol/httpbind' sid='d8cef3a9-77ff-4c37-9c11-f3815c714a2e' to='greencharge.local' xml:lang='en' xmpp:restart='true' xmlns:xmpp='urn:xmpp:xbosh'/>
<body xmlns:stream='http://etherx.jabber.org/streams' sid='d8cef3a9-77ff-4c37-9c11-f3815c714a2e' xmlns='http://jabber.org/protocol/httpbind'><stream:features xmlns='jabber:client'><starttls xmlns='urn:ietf:params:xml:ns:xmpp-tls'><required/></starttls><ver xmlns='urn:xmpp:features:rosterver'/><bind xmlns='urn:ietf:params:xml:ns:xmpp-bind'><required/></bind><session xmlns='urn:ietf:params:xml:ns:xmpp-session'><optional/></session><c ver='wBlvgkM1+mhpz81eJoge4hYoI0Q=' hash='sha-1' node='http://prosody.im' xmlns='http://jabber.org/protocol/caps'/></stream:features></body>
<body rid='4180328858' xmlns='http://jabber.org/protocol/httpbind' sid='d8cef3a9-77ff-4c37-9c11-f3815c714a2e'><iq type='set' id='_bind_auth_2' xmlns='jabber:client'><bind xmlns='urn:ietf:params:xml:ns:xmpp-bind'><resource>actormanager</resource></bind></iq></body>
<body xmlns:stream='http://etherx.jabber.org/streams' sid='d8cef3a9-77ff-4c37-9c11-f3815c714a2e' xmlns='http://jabber.org/protocol/httpbind'><iq id='_bind_auth_2' xmlns='jabber:client' type='result'><bind xmlns='urn:ietf:params:xml:ns:xmpp-bind'><jid>demo@greencharge.local/actormanager</jid></bind></iq></body>
<body rid='4180328859' xmlns='http://jabber.org/protocol/httpbind' sid='d8cef3a9-77ff-4c37-9c11-f3815c714a2e'><iq type='set' id='_session_auth_2' xmlns='jabber:client'><session xmlns='urn:ietf:params:xml:ns:xmpp-session'/></iq></body>
<body xmlns:stream='http://etherx.jabber.org/streams' sid='d8cef3a9-77ff-4c37-9c11-f3815c714a2e' xmlns='http://jabber.org/protocol/httpbind'><iq to='demo@greencharge.local/actormanager' id='_session_auth_2' xmlns='jabber:client' type='result'/></body>
<body rid='4180328860' xmlns='http://jabber.org/protocol/httpbind' sid='d8cef3a9-77ff-4c37-9c11-f3815c714a2e'><presence xmlns='jabber:client'/></body>
<body xmlns:stream='http://etherx.jabber.org/streams' sid='d8cef3a9-77ff-4c37-9c11-f3815c714a2e' xmlns='http://jabber.org/protocol/httpbind'><presence from='demo@greencharge.local/actormanager' xmlns='jabber:client'/></body>
<body rid='4180328861' xmlns='http://jabber.org/protocol/httpbind' sid='d8cef3a9-77ff-4c37-9c11-f3815c714a2e'/>
<body xmlns:stream='http://etherx.jabber.org/streams' sid='d8cef3a9-77ff-4c37-9c11-f3815c714a2e' xmlns='http://jabber.org/protocol/httpbind'/>
<body rid='4180328862' xmlns='http://jabber.org/protocol/httpbind' sid='d8cef3a9-77ff-4c37-9c11-f3815c714a2e'/>
<body xmlns:stream='http://etherx.jabber.org/streams' sid='d8cef3a9-77ff-4c37-9c11-f3815c714a2e' xmlns='http://jabber.org/protocol/httpbind'/>
<body rid='4180328863' xmlns='http://jabber.org/protocol/httpbind' sid='d8cef3a9-77ff-4c37-9c11-f3815c714a2e'/>
<body xmlns:stream='http://etherx.jabber.org/streams' sid='d8cef3a9-77ff-4c37-9c11-f3815c714a2e' xmlns='http://jabber.org/protocol/httpbind'/>
<body rid='4180328864' xmlns='http://jabber.org/protocol/httpbind' sid='d8cef3a9-77ff-4c37-9c11-f3815c714a2e'/>
<body xmlns:stream='http://etherx.jabber.org/streams' sid='d8cef3a9-77ff-4c37-9c11-f3815c714a2e' xmlns='http://jabber.org/protocol/httpbind'/>
<body rid='4180328865' xmlns='http://jabber.org/protocol/httpbind' sid='d8cef3a9-77ff-4c37-9c11-f3815c714a2e'/>
<body xmlns:stream='http://etherx.jabber.org/streams' sid='d8cef3a9-77ff-4c37-9c11-f3815c714a2e' xmlns='http://jabber.org/protocol/httpbind'/>
<body rid='4180328866' xmlns='http://jabber.org/protocol/httpbind' sid='d8cef3a9-77ff-4c37-9c11-f3815c714a2e'/>
<body xmlns:stream='http://etherx.jabber.org/streams' sid='d8cef3a9-77ff-4c37-9c11-f3815c714a2e' xmlns='http://jabber.org/protocol/httpbind'/>
<body rid='4180328867' xmlns='http://jabber.org/protocol/httpbind' sid='d8cef3a9-77ff-4c37-9c11-f3815c714a2e'/>
